2025-06-07T11:34:04.047Z error: TypeError: Cannot destructure property 'ref' of 'payload' as it is undefined.
    at Module.processPushEvent (file:///Users/mbanyickjoof/Dev/workspace/projects/LUT/verde-flow/verde-flow-api/src/modules/webhook/webhook.service.js:5:11)
    at handleGitWebhook (file:///Users/mbanyickjoof/Dev/workspace/projects/LUT/verde-flow/verde-flow-api/src/modules/webhook/webhook.controller.js:6:34)
    at Layer.handleRequest (/Users/mbanyickjoof/Dev/workspace/projects/LUT/verde-flow/verde-flow-api/node_modules/router/lib/layer.js:152:17)
    at next (/Users/mbanyickjoof/Dev/workspace/projects/LUT/verde-flow/verde-flow-api/node_modules/router/lib/route.js:157:13)
    at jsonParser (/Users/mbanyickjoof/Dev/workspace/projects/LUT/verde-flow/verde-flow-api/node_modules/body-parser/lib/types/json.js:109:7)
    at Layer.handleRequest (/Users/mbanyickjoof/Dev/workspace/projects/LUT/verde-flow/verde-flow-api/node_modules/router/lib/layer.js:152:17)
    at next (/Users/mbanyickjoof/Dev/workspace/projects/LUT/verde-flow/verde-flow-api/node_modules/router/lib/route.js:157:13)
    at Route.dispatch (/Users/mbanyickjoof/Dev/workspace/projects/LUT/verde-flow/verde-flow-api/node_modules/router/lib/route.js:117:3)
    at handle (/Users/mbanyickjoof/Dev/workspace/projects/LUT/verde-flow/verde-flow-api/node_modules/router/index.js:435:11)
    at Layer.handleRequest (/Users/mbanyickjoof/Dev/workspace/projects/LUT/verde-flow/verde-flow-api/node_modules/router/lib/layer.js:152:17)
2025-06-07T11:34:04.049Z error: TypeError: Cannot destructure property 'ref' of 'payload' as it is undefined.
    at Module.processPushEvent (file:///Users/mbanyickjoof/Dev/workspace/projects/LUT/verde-flow/verde-flow-api/src/modules/webhook/webhook.service.js:5:11)
    at handleGitWebhook (file:///Users/mbanyickjoof/Dev/workspace/projects/LUT/verde-flow/verde-flow-api/src/modules/webhook/webhook.controller.js:6:34)
    at Layer.handleRequest (/Users/mbanyickjoof/Dev/workspace/projects/LUT/verde-flow/verde-flow-api/node_modules/router/lib/layer.js:152:17)
    at next (/Users/mbanyickjoof/Dev/workspace/projects/LUT/verde-flow/verde-flow-api/node_modules/router/lib/route.js:157:13)
    at jsonParser (/Users/mbanyickjoof/Dev/workspace/projects/LUT/verde-flow/verde-flow-api/node_modules/body-parser/lib/types/json.js:109:7)
    at Layer.handleRequest (/Users/mbanyickjoof/Dev/workspace/projects/LUT/verde-flow/verde-flow-api/node_modules/router/lib/layer.js:152:17)
    at next (/Users/mbanyickjoof/Dev/workspace/projects/LUT/verde-flow/verde-flow-api/node_modules/router/lib/route.js:157:13)
    at Route.dispatch (/Users/mbanyickjoof/Dev/workspace/projects/LUT/verde-flow/verde-flow-api/node_modules/router/lib/route.js:117:3)
    at handle (/Users/mbanyickjoof/Dev/workspace/projects/LUT/verde-flow/verde-flow-api/node_modules/router/index.js:435:11)
    at Layer.handleRequest (/Users/mbanyickjoof/Dev/workspace/projects/LUT/verde-flow/verde-flow-api/node_modules/router/lib/layer.js:152:17)
2025-06-07T11:37:44.250Z error: ReferenceError: logger is not defined
    at Module.processPushEvent (file:///Users/mbanyickjoof/Dev/workspace/projects/LUT/verde-flow/verde-flow-api/src/modules/webhook/webhook.service.js:5:3)
    at handleGitWebhook (file:///Users/mbanyickjoof/Dev/workspace/projects/LUT/verde-flow/verde-flow-api/src/modules/webhook/webhook.controller.js:6:34)
    at Layer.handleRequest (/Users/mbanyickjoof/Dev/workspace/projects/LUT/verde-flow/verde-flow-api/node_modules/router/lib/layer.js:152:17)
    at next (/Users/mbanyickjoof/Dev/workspace/projects/LUT/verde-flow/verde-flow-api/node_modules/router/lib/route.js:157:13)
    at jsonParser (/Users/mbanyickjoof/Dev/workspace/projects/LUT/verde-flow/verde-flow-api/node_modules/body-parser/lib/types/json.js:109:7)
    at Layer.handleRequest (/Users/mbanyickjoof/Dev/workspace/projects/LUT/verde-flow/verde-flow-api/node_modules/router/lib/layer.js:152:17)
    at next (/Users/mbanyickjoof/Dev/workspace/projects/LUT/verde-flow/verde-flow-api/node_modules/router/lib/route.js:157:13)
    at Route.dispatch (/Users/mbanyickjoof/Dev/workspace/projects/LUT/verde-flow/verde-flow-api/node_modules/router/lib/route.js:117:3)
    at handle (/Users/mbanyickjoof/Dev/workspace/projects/LUT/verde-flow/verde-flow-api/node_modules/router/index.js:435:11)
    at Layer.handleRequest (/Users/mbanyickjoof/Dev/workspace/projects/LUT/verde-flow/verde-flow-api/node_modules/router/lib/layer.js:152:17)
2025-06-07T11:37:44.251Z error: ReferenceError: logger is not defined
    at Module.processPushEvent (file:///Users/mbanyickjoof/Dev/workspace/projects/LUT/verde-flow/verde-flow-api/src/modules/webhook/webhook.service.js:5:3)
    at handleGitWebhook (file:///Users/mbanyickjoof/Dev/workspace/projects/LUT/verde-flow/verde-flow-api/src/modules/webhook/webhook.controller.js:6:34)
    at Layer.handleRequest (/Users/mbanyickjoof/Dev/workspace/projects/LUT/verde-flow/verde-flow-api/node_modules/router/lib/layer.js:152:17)
    at next (/Users/mbanyickjoof/Dev/workspace/projects/LUT/verde-flow/verde-flow-api/node_modules/router/lib/route.js:157:13)
    at jsonParser (/Users/mbanyickjoof/Dev/workspace/projects/LUT/verde-flow/verde-flow-api/node_modules/body-parser/lib/types/json.js:109:7)
    at Layer.handleRequest (/Users/mbanyickjoof/Dev/workspace/projects/LUT/verde-flow/verde-flow-api/node_modules/router/lib/layer.js:152:17)
    at next (/Users/mbanyickjoof/Dev/workspace/projects/LUT/verde-flow/verde-flow-api/node_modules/router/lib/route.js:157:13)
    at Route.dispatch (/Users/mbanyickjoof/Dev/workspace/projects/LUT/verde-flow/verde-flow-api/node_modules/router/lib/route.js:117:3)
    at handle (/Users/mbanyickjoof/Dev/workspace/projects/LUT/verde-flow/verde-flow-api/node_modules/router/index.js:435:11)
    at Layer.handleRequest (/Users/mbanyickjoof/Dev/workspace/projects/LUT/verde-flow/verde-flow-api/node_modules/router/lib/layer.js:152:17)
2025-06-07T11:38:25.623Z error: TypeError: Cannot destructure property 'ref' of 'payload' as it is undefined.
    at Module.processPushEvent (file:///Users/mbanyickjoof/Dev/workspace/projects/LUT/verde-flow/verde-flow-api/src/modules/webhook/webhook.service.js:8:11)
    at handleGitWebhook (file:///Users/mbanyickjoof/Dev/workspace/projects/LUT/verde-flow/verde-flow-api/src/modules/webhook/webhook.controller.js:6:34)
    at Layer.handleRequest (/Users/mbanyickjoof/Dev/workspace/projects/LUT/verde-flow/verde-flow-api/node_modules/router/lib/layer.js:152:17)
    at next (/Users/mbanyickjoof/Dev/workspace/projects/LUT/verde-flow/verde-flow-api/node_modules/router/lib/route.js:157:13)
    at jsonParser (/Users/mbanyickjoof/Dev/workspace/projects/LUT/verde-flow/verde-flow-api/node_modules/body-parser/lib/types/json.js:109:7)
    at Layer.handleRequest (/Users/mbanyickjoof/Dev/workspace/projects/LUT/verde-flow/verde-flow-api/node_modules/router/lib/layer.js:152:17)
    at next (/Users/mbanyickjoof/Dev/workspace/projects/LUT/verde-flow/verde-flow-api/node_modules/router/lib/route.js:157:13)
    at Route.dispatch (/Users/mbanyickjoof/Dev/workspace/projects/LUT/verde-flow/verde-flow-api/node_modules/router/lib/route.js:117:3)
    at handle (/Users/mbanyickjoof/Dev/workspace/projects/LUT/verde-flow/verde-flow-api/node_modules/router/index.js:435:11)
    at Layer.handleRequest (/Users/mbanyickjoof/Dev/workspace/projects/LUT/verde-flow/verde-flow-api/node_modules/router/lib/layer.js:152:17)
2025-06-07T11:38:25.625Z error: TypeError: Cannot destructure property 'ref' of 'payload' as it is undefined.
    at Module.processPushEvent (file:///Users/mbanyickjoof/Dev/workspace/projects/LUT/verde-flow/verde-flow-api/src/modules/webhook/webhook.service.js:8:11)
    at handleGitWebhook (file:///Users/mbanyickjoof/Dev/workspace/projects/LUT/verde-flow/verde-flow-api/src/modules/webhook/webhook.controller.js:6:34)
    at Layer.handleRequest (/Users/mbanyickjoof/Dev/workspace/projects/LUT/verde-flow/verde-flow-api/node_modules/router/lib/layer.js:152:17)
    at next (/Users/mbanyickjoof/Dev/workspace/projects/LUT/verde-flow/verde-flow-api/node_modules/router/lib/route.js:157:13)
    at jsonParser (/Users/mbanyickjoof/Dev/workspace/projects/LUT/verde-flow/verde-flow-api/node_modules/body-parser/lib/types/json.js:109:7)
    at Layer.handleRequest (/Users/mbanyickjoof/Dev/workspace/projects/LUT/verde-flow/verde-flow-api/node_modules/router/lib/layer.js:152:17)
    at next (/Users/mbanyickjoof/Dev/workspace/projects/LUT/verde-flow/verde-flow-api/node_modules/router/lib/route.js:157:13)
    at Route.dispatch (/Users/mbanyickjoof/Dev/workspace/projects/LUT/verde-flow/verde-flow-api/node_modules/router/lib/route.js:117:3)
    at handle (/Users/mbanyickjoof/Dev/workspace/projects/LUT/verde-flow/verde-flow-api/node_modules/router/index.js:435:11)
    at Layer.handleRequest (/Users/mbanyickjoof/Dev/workspace/projects/LUT/verde-flow/verde-flow-api/node_modules/router/lib/layer.js:152:17)
2025-06-07T11:40:22.755Z error: Error: No matching project for webhook repo
    at Module.processPushEvent (file:///Users/mbanyickjoof/Dev/workspace/projects/LUT/verde-flow/verde-flow-api/src/modules/webhook/webhook.service.js:16:23)
    at async handleGitWebhook (file:///Users/mbanyickjoof/Dev/workspace/projects/LUT/verde-flow/verde-flow-api/src/modules/webhook/webhook.controller.js:6:20)
2025-06-07T11:40:22.755Z error: Error: No matching project for webhook repo
    at Module.processPushEvent (file:///Users/mbanyickjoof/Dev/workspace/projects/LUT/verde-flow/verde-flow-api/src/modules/webhook/webhook.service.js:16:23)
    at async handleGitWebhook (file:///Users/mbanyickjoof/Dev/workspace/projects/LUT/verde-flow/verde-flow-api/src/modules/webhook/webhook.controller.js:6:20)
2025-06-09T12:00:17.623Z error: TypeError: Cannot read properties of undefined (reading 'id')
    at getProjects (file:///Users/mbanyickjoof/Dev/workspace/projects/LUT/verde-flow/verde-flow-api/src/modules/project/project.controller.js:16:70)
    at Layer.handleRequest (/Users/mbanyickjoof/Dev/workspace/projects/LUT/verde-flow/verde-flow-api/node_modules/router/lib/layer.js:152:17)
    at next (/Users/mbanyickjoof/Dev/workspace/projects/LUT/verde-flow/verde-flow-api/node_modules/router/lib/route.js:157:13)
    at Route.dispatch (/Users/mbanyickjoof/Dev/workspace/projects/LUT/verde-flow/verde-flow-api/node_modules/router/lib/route.js:117:3)
    at handle (/Users/mbanyickjoof/Dev/workspace/projects/LUT/verde-flow/verde-flow-api/node_modules/router/index.js:435:11)
    at Layer.handleRequest (/Users/mbanyickjoof/Dev/workspace/projects/LUT/verde-flow/verde-flow-api/node_modules/router/lib/layer.js:152:17)
    at /Users/mbanyickjoof/Dev/workspace/projects/LUT/verde-flow/verde-flow-api/node_modules/router/index.js:295:15
    at processParams (/Users/mbanyickjoof/Dev/workspace/projects/LUT/verde-flow/verde-flow-api/node_modules/router/index.js:582:12)
    at next (/Users/mbanyickjoof/Dev/workspace/projects/LUT/verde-flow/verde-flow-api/node_modules/router/index.js:291:5)
    at Function.handle (/Users/mbanyickjoof/Dev/workspace/projects/LUT/verde-flow/verde-flow-api/node_modules/router/index.js:186:3)
2025-06-09T12:05:41.038Z error: PrismaClientInitializationError: 
Invalid `prisma.user.findUnique()` invocation:


Can't reach database server at `localhost:8773`

Please make sure your database server is running at `localhost:8773`.
    at Zn.handleRequestError (/Users/mbanyickjoof/Dev/workspace/projects/LUT/verde-flow/verde-flow-api/generated/prisma/runtime/library.js:124:7759)
    at Zn.handleAndLogRequestError (/Users/mbanyickjoof/Dev/workspace/projects/LUT/verde-flow/verde-flow-api/generated/prisma/runtime/library.js:124:6784)
    at Zn.request (/Users/mbanyickjoof/Dev/workspace/projects/LUT/verde-flow/verde-flow-api/generated/prisma/runtime/library.js:124:6491)
    at async l (/Users/mbanyickjoof/Dev/workspace/projects/LUT/verde-flow/verde-flow-api/generated/prisma/runtime/library.js:133:9778)
    at async Module.loginUser (file:///Users/mbanyickjoof/Dev/workspace/projects/LUT/verde-flow/verde-flow-api/src/modules/user/user.service.js:20:16)
    at async loginUser (file:///Users/mbanyickjoof/Dev/workspace/projects/LUT/verde-flow/verde-flow-api/src/modules/user/user.controller.js:16:19)
2025-06-09T12:50:39.003Z error: Error: Invalid credentials
    at Module.loginUser (file:///Users/mbanyickjoof/Dev/workspace/projects/LUT/verde-flow/verde-flow-api/src/modules/user/user.service.js:24:21)
    at async loginUser (file:///Users/mbanyickjoof/Dev/workspace/projects/LUT/verde-flow/verde-flow-api/src/modules/user/user.controller.js:16:19)
2025-06-09T12:57:27.083Z error: Error: Invalid credentials
    at Module.loginUser (file:///Users/mbanyickjoof/Dev/workspace/projects/LUT/verde-flow/verde-flow-api/src/modules/user/user.service.js:21:20)
    at async loginUser (file:///Users/mbanyickjoof/Dev/workspace/projects/LUT/verde-flow/verde-flow-api/src/modules/user/user.controller.js:16:19)
2025-06-09T13:08:45.099Z error: APPLICATION [0501] Invalid credentials
2025-06-09T13:11:12.405Z error: APPLICATION [0501] Invalid credentials
2025-06-09T13:12:34.727Z error: APPLICATION [0501] Invalid credentials
2025-06-09T13:13:25.905Z error: APPLICATION [0501] Invalid credentials
2025-06-09T13:13:26.002Z error: APPLICATION [0501] Invalid credentials
2025-06-09T13:18:27.802Z error: APPLICATION [0501] Invalid credentials
2025-06-11T09:26:54.640Z error: APPLICATION [0000] Project not found or unauthorized
